<?xml version="1.0" encoding="UTF-8"?>
<!-- Generated by org.testng.reporters.JUnitXMLReporter -->
<testsuite ignored="36" hostname="DESKTOP-B96ST24" failures="4" tests="4" name="Admin Alert Test(failed)" time="331.401" errors="0" timestamp="2022-04-20T05:53:53 IST">
  <testcase classname="tests.AdminAlertTest" name="testActivityLessthanXhoursCriticalAlertCreated" time="48.092">
    <failure type="org.openqa.selenium.NoSuchElementException" message="no such element: Unable to locate element: {&amp;quot;method&amp;quot;:&amp;quot;xpath&amp;quot;,&amp;quot;selector&amp;quot;:&amp;quot;//td[text()=&amp;apos;ActivityLessthanXhoursCriticalAlertCreated2589&amp;apos;]/following-sibling::td/button[text()=&amp;apos;Delete&amp;apos;]&amp;quot;}
  (Session info: chrome=100.0.4896.127)
For documentation on this error, please visit: https://www.seleniumhq.org/exceptions/no_such_element.html
Build info: version: &amp;apos;3.141.59&amp;apos;, revision: &amp;apos;e82be7d358&amp;apos;, time: &amp;apos;2018-11-14T08:17:03&amp;apos;
System info: host: &amp;apos;DESKTOP-B96ST24&amp;apos;, ip: &amp;apos;192.168.0.100&amp;apos;, os.name: &amp;apos;Windows 10&amp;apos;, os.arch: &amp;apos;amd64&amp;apos;, os.version: &amp;apos;10.0&amp;apos;, java.version: &amp;apos;17.0.2&amp;apos;
Driver info: org.openqa.selenium.chrome.ChromeDriver
Capabilities {acceptInsecureCerts: false, browserName: chrome, browserVersion: 100.0.4896.127, chrome: {chromedriverVersion: 100.0.4896.60 (6a5d10861ce8..., userDataDir: C:\Users\Dell\AppData\Local...}, goog:chromeOptions: {debuggerAddress: localhost:64725}, javascriptEnabled: true, networkConnectionEnabled: false, pageLoadStrategy: normal, platform: WINDOWS, platformName: WINDOWS, proxy: Proxy(), setWindowRect: true, strictFileInteractability: false, timeouts: {implicit: 0, pageLoad: 300000, script: 30000}, unhandledPromptBehavior: dismiss and notify, webauthn:extension:credBlob: true, webauthn:extension:largeBlob: true, webauthn:virtualAuthenticators: true}
Session ID: 96cfaa56e30b2a9b28f3a4c13b6558db
*** Element info: {Using=xpath, value=//td[text()=&amp;apos;ActivityLessthanXhoursCriticalAlertCreated2589&amp;apos;]/following-sibling::td/button[text()=&amp;apos;Delete&amp;apos;]}">
      <![CDATA[org.openqa.selenium.NoSuchElementException: no such element: Unable to locate element: {"method":"xpath","selector":"//td[text()='ActivityLessthanXhoursCriticalAlertCreated2589']/following-sibling::td/button[text()='Delete']"}
  (Session info: chrome=100.0.4896.127)
For documentation on this error, please visit: https://www.seleniumhq.org/exceptions/no_such_element.html
Build info: version: '3.141.59', revision: 'e82be7d358', time: '2018-11-14T08:17:03'
System info: host: 'DESKTOP-B96ST24', ip: '192.168.0.100', os.name: 'Windows 10', os.arch: 'amd64', os.version: '10.0', java.version: '17.0.2'
Driver info: org.openqa.selenium.chrome.ChromeDriver
Capabilities {acceptInsecureCerts: false, browserName: chrome, browserVersion: 100.0.4896.127, chrome: {chromedriverVersion: 100.0.4896.60 (6a5d10861ce8..., userDataDir: C:\Users\Dell\AppData\Local...}, goog:chromeOptions: {debuggerAddress: localhost:64725}, javascriptEnabled: true, networkConnectionEnabled: false, pageLoadStrategy: normal, platform: WINDOWS, platformName: WINDOWS, proxy: Proxy(), setWindowRect: true, strictFileInteractability: false, timeouts: {implicit: 0, pageLoad: 300000, script: 30000}, unhandledPromptBehavior: dismiss and notify, webauthn:extension:credBlob: true, webauthn:extension:largeBlob: true, webauthn:virtualAuthenticators: true}
Session ID: 96cfaa56e30b2a9b28f3a4c13b6558db
*** Element info: {Using=xpath, value=//td[text()='ActivityLessthanXhoursCriticalAlertCreated2589']/following-sibling::td/button[text()='Delete']}
at org.openqa.selenium.remote.http.W3CHttpResponseCodec.createException(W3CHttpResponseCodec.java:187)
at org.openqa.selenium.remote.http.W3CHttpResponseCodec.decode(W3CHttpResponseCodec.java:122)
at org.openqa.selenium.remote.http.W3CHttpResponseCodec.decode(W3CHttpResponseCodec.java:49)
at org.openqa.selenium.remote.HttpCommandExecutor.execute(HttpCommandExecutor.java:158)
at org.openqa.selenium.remote.service.DriverCommandExecutor.execute(DriverCommandExecutor.java:83)
at org.openqa.selenium.remote.RemoteWebDriver.execute(RemoteWebDriver.java:552)
at org.openqa.selenium.remote.RemoteWebDriver.findElement(RemoteWebDriver.java:323)
at org.openqa.selenium.remote.RemoteWebDriver.findElementByXPath(RemoteWebDriver.java:428)
at org.openqa.selenium.By$ByXPath.findElement(By.java:353)
at org.openqa.selenium.remote.RemoteWebDriver.findElement(RemoteWebDriver.java:315)
at utility.DriverPage.clickOn(DriverPage.java:155)
at pages.Admin_AlertsPage.deleteExistingAlert(Admin_AlertsPage.java:186)
at tests.AdminAlertTest.testActivityLessthanXhoursCriticalAlertCreated(AdminAlertTest.java:172)
at java.base/java.util.ArrayList.forEach(ArrayList.java:1511)
at java.base/java.util.concurrent.FutureTask.run(FutureTask.java:264)
at java.base/java.util.concurrent.ThreadPoolExecutor.runWorker(ThreadPoolExecutor.java:1136)
at java.base/java.util.concurrent.ThreadPoolExecutor$Worker.run(ThreadPoolExecutor.java:635)
at java.base/java.lang.Thread.run(Thread.java:833)
... Removed 23 stack frames]]>
    </failure>
  </testcase> <!-- testActivityLessthanXhoursCriticalAlertCreated -->
  <testcase classname="tests.AdminAlertTest" name="testActivityLessthanXhoursInfoAlertCreated" time="42.345">
    <failure type="org.openqa.selenium.NoSuchElementException" message="no such element: Unable to locate element: {&amp;quot;method&amp;quot;:&amp;quot;xpath&amp;quot;,&amp;quot;selector&amp;quot;:&amp;quot;//td[text()=&amp;apos;ActivityLessthanXhoursInfoAlertCreated2589&amp;apos;]/following-sibling::td/button[text()=&amp;apos;Delete&amp;apos;]&amp;quot;}
  (Session info: chrome=100.0.4896.127)
For documentation on this error, please visit: https://www.seleniumhq.org/exceptions/no_such_element.html
Build info: version: &amp;apos;3.141.59&amp;apos;, revision: &amp;apos;e82be7d358&amp;apos;, time: &amp;apos;2018-11-14T08:17:03&amp;apos;
System info: host: &amp;apos;DESKTOP-B96ST24&amp;apos;, ip: &amp;apos;192.168.0.100&amp;apos;, os.name: &amp;apos;Windows 10&amp;apos;, os.arch: &amp;apos;amd64&amp;apos;, os.version: &amp;apos;10.0&amp;apos;, java.version: &amp;apos;17.0.2&amp;apos;
Driver info: org.openqa.selenium.chrome.ChromeDriver
Capabilities {acceptInsecureCerts: false, browserName: chrome, browserVersion: 100.0.4896.127, chrome: {chromedriverVersion: 100.0.4896.60 (6a5d10861ce8..., userDataDir: C:\Users\Dell\AppData\Local...}, goog:chromeOptions: {debuggerAddress: localhost:64943}, javascriptEnabled: true, networkConnectionEnabled: false, pageLoadStrategy: normal, platform: WINDOWS, platformName: WINDOWS, proxy: Proxy(), setWindowRect: true, strictFileInteractability: false, timeouts: {implicit: 0, pageLoad: 300000, script: 30000}, unhandledPromptBehavior: dismiss and notify, webauthn:extension:credBlob: true, webauthn:extension:largeBlob: true, webauthn:virtualAuthenticators: true}
Session ID: b4bf4c6c93edcb2e847826baf4f918a6
*** Element info: {Using=xpath, value=//td[text()=&amp;apos;ActivityLessthanXhoursInfoAlertCreated2589&amp;apos;]/following-sibling::td/button[text()=&amp;apos;Delete&amp;apos;]}">
      <![CDATA[org.openqa.selenium.NoSuchElementException: no such element: Unable to locate element: {"method":"xpath","selector":"//td[text()='ActivityLessthanXhoursInfoAlertCreated2589']/following-sibling::td/button[text()='Delete']"}
  (Session info: chrome=100.0.4896.127)
For documentation on this error, please visit: https://www.seleniumhq.org/exceptions/no_such_element.html
Build info: version: '3.141.59', revision: 'e82be7d358', time: '2018-11-14T08:17:03'
System info: host: 'DESKTOP-B96ST24', ip: '192.168.0.100', os.name: 'Windows 10', os.arch: 'amd64', os.version: '10.0', java.version: '17.0.2'
Driver info: org.openqa.selenium.chrome.ChromeDriver
Capabilities {acceptInsecureCerts: false, browserName: chrome, browserVersion: 100.0.4896.127, chrome: {chromedriverVersion: 100.0.4896.60 (6a5d10861ce8..., userDataDir: C:\Users\Dell\AppData\Local...}, goog:chromeOptions: {debuggerAddress: localhost:64943}, javascriptEnabled: true, networkConnectionEnabled: false, pageLoadStrategy: normal, platform: WINDOWS, platformName: WINDOWS, proxy: Proxy(), setWindowRect: true, strictFileInteractability: false, timeouts: {implicit: 0, pageLoad: 300000, script: 30000}, unhandledPromptBehavior: dismiss and notify, webauthn:extension:credBlob: true, webauthn:extension:largeBlob: true, webauthn:virtualAuthenticators: true}
Session ID: b4bf4c6c93edcb2e847826baf4f918a6
*** Element info: {Using=xpath, value=//td[text()='ActivityLessthanXhoursInfoAlertCreated2589']/following-sibling::td/button[text()='Delete']}
at org.openqa.selenium.remote.http.W3CHttpResponseCodec.createException(W3CHttpResponseCodec.java:187)
at org.openqa.selenium.remote.http.W3CHttpResponseCodec.decode(W3CHttpResponseCodec.java:122)
at org.openqa.selenium.remote.http.W3CHttpResponseCodec.decode(W3CHttpResponseCodec.java:49)
at org.openqa.selenium.remote.HttpCommandExecutor.execute(HttpCommandExecutor.java:158)
at org.openqa.selenium.remote.service.DriverCommandExecutor.execute(DriverCommandExecutor.java:83)
at org.openqa.selenium.remote.RemoteWebDriver.execute(RemoteWebDriver.java:552)
at org.openqa.selenium.remote.RemoteWebDriver.findElement(RemoteWebDriver.java:323)
at org.openqa.selenium.remote.RemoteWebDriver.findElementByXPath(RemoteWebDriver.java:428)
at org.openqa.selenium.By$ByXPath.findElement(By.java:353)
at org.openqa.selenium.remote.RemoteWebDriver.findElement(RemoteWebDriver.java:315)
at utility.DriverPage.clickOn(DriverPage.java:155)
at pages.Admin_AlertsPage.deleteExistingAlert(Admin_AlertsPage.java:186)
at tests.AdminAlertTest.testActivityLessthanXhoursInfoAlertCreated(AdminAlertTest.java:82)
at java.base/java.util.ArrayList.forEach(ArrayList.java:1511)
at java.base/java.util.concurrent.FutureTask.run(FutureTask.java:264)
at java.base/java.util.concurrent.ThreadPoolExecutor.runWorker(ThreadPoolExecutor.java:1136)
at java.base/java.util.concurrent.ThreadPoolExecutor$Worker.run(ThreadPoolExecutor.java:635)
at java.base/java.lang.Thread.run(Thread.java:833)
... Removed 23 stack frames]]>
    </failure>
  </testcase> <!-- testActivityLessthanXhoursInfoAlertCreated -->
  <testcase classname="tests.AdminAlertTest" name="testActivityLessthanXhoursWarningAlertCreated" time="42.331">
    <failure type="org.openqa.selenium.NoSuchElementException" message="no such element: Unable to locate element: {&amp;quot;method&amp;quot;:&amp;quot;xpath&amp;quot;,&amp;quot;selector&amp;quot;:&amp;quot;//td[text()=&amp;apos;ActivityLessthanXhoursWarningAlertCreated2589&amp;apos;]/following-sibling::td/button[text()=&amp;apos;Delete&amp;apos;]&amp;quot;}
  (Session info: chrome=100.0.4896.127)
For documentation on this error, please visit: https://www.seleniumhq.org/exceptions/no_such_element.html
Build info: version: &amp;apos;3.141.59&amp;apos;, revision: &amp;apos;e82be7d358&amp;apos;, time: &amp;apos;2018-11-14T08:17:03&amp;apos;
System info: host: &amp;apos;DESKTOP-B96ST24&amp;apos;, ip: &amp;apos;192.168.0.100&amp;apos;, os.name: &amp;apos;Windows 10&amp;apos;, os.arch: &amp;apos;amd64&amp;apos;, os.version: &amp;apos;10.0&amp;apos;, java.version: &amp;apos;17.0.2&amp;apos;
Driver info: org.openqa.selenium.chrome.ChromeDriver
Capabilities {acceptInsecureCerts: false, browserName: chrome, browserVersion: 100.0.4896.127, chrome: {chromedriverVersion: 100.0.4896.60 (6a5d10861ce8..., userDataDir: C:\Users\Dell\AppData\Local...}, goog:chromeOptions: {debuggerAddress: localhost:65088}, javascriptEnabled: true, networkConnectionEnabled: false, pageLoadStrategy: normal, platform: WINDOWS, platformName: WINDOWS, proxy: Proxy(), setWindowRect: true, strictFileInteractability: false, timeouts: {implicit: 0, pageLoad: 300000, script: 30000}, unhandledPromptBehavior: dismiss and notify, webauthn:extension:credBlob: true, webauthn:extension:largeBlob: true, webauthn:virtualAuthenticators: true}
Session ID: 2f4476f316369193850f377a8a22b0b8
*** Element info: {Using=xpath, value=//td[text()=&amp;apos;ActivityLessthanXhoursWarningAlertCreated2589&amp;apos;]/following-sibling::td/button[text()=&amp;apos;Delete&amp;apos;]}">
      <![CDATA[org.openqa.selenium.NoSuchElementException: no such element: Unable to locate element: {"method":"xpath","selector":"//td[text()='ActivityLessthanXhoursWarningAlertCreated2589']/following-sibling::td/button[text()='Delete']"}
  (Session info: chrome=100.0.4896.127)
For documentation on this error, please visit: https://www.seleniumhq.org/exceptions/no_such_element.html
Build info: version: '3.141.59', revision: 'e82be7d358', time: '2018-11-14T08:17:03'
System info: host: 'DESKTOP-B96ST24', ip: '192.168.0.100', os.name: 'Windows 10', os.arch: 'amd64', os.version: '10.0', java.version: '17.0.2'
Driver info: org.openqa.selenium.chrome.ChromeDriver
Capabilities {acceptInsecureCerts: false, browserName: chrome, browserVersion: 100.0.4896.127, chrome: {chromedriverVersion: 100.0.4896.60 (6a5d10861ce8..., userDataDir: C:\Users\Dell\AppData\Local...}, goog:chromeOptions: {debuggerAddress: localhost:65088}, javascriptEnabled: true, networkConnectionEnabled: false, pageLoadStrategy: normal, platform: WINDOWS, platformName: WINDOWS, proxy: Proxy(), setWindowRect: true, strictFileInteractability: false, timeouts: {implicit: 0, pageLoad: 300000, script: 30000}, unhandledPromptBehavior: dismiss and notify, webauthn:extension:credBlob: true, webauthn:extension:largeBlob: true, webauthn:virtualAuthenticators: true}
Session ID: 2f4476f316369193850f377a8a22b0b8
*** Element info: {Using=xpath, value=//td[text()='ActivityLessthanXhoursWarningAlertCreated2589']/following-sibling::td/button[text()='Delete']}
at org.openqa.selenium.remote.http.W3CHttpResponseCodec.createException(W3CHttpResponseCodec.java:187)
at org.openqa.selenium.remote.http.W3CHttpResponseCodec.decode(W3CHttpResponseCodec.java:122)
at org.openqa.selenium.remote.http.W3CHttpResponseCodec.decode(W3CHttpResponseCodec.java:49)
at org.openqa.selenium.remote.HttpCommandExecutor.execute(HttpCommandExecutor.java:158)
at org.openqa.selenium.remote.service.DriverCommandExecutor.execute(DriverCommandExecutor.java:83)
at org.openqa.selenium.remote.RemoteWebDriver.execute(RemoteWebDriver.java:552)
at org.openqa.selenium.remote.RemoteWebDriver.findElement(RemoteWebDriver.java:323)
at org.openqa.selenium.remote.RemoteWebDriver.findElementByXPath(RemoteWebDriver.java:428)
at org.openqa.selenium.By$ByXPath.findElement(By.java:353)
at org.openqa.selenium.remote.RemoteWebDriver.findElement(RemoteWebDriver.java:315)
at utility.DriverPage.clickOn(DriverPage.java:155)
at pages.Admin_AlertsPage.deleteExistingAlert(Admin_AlertsPage.java:186)
at tests.AdminAlertTest.testActivityLessthanXhoursWarningAlertCreated(AdminAlertTest.java:127)
at java.base/java.util.ArrayList.forEach(ArrayList.java:1511)
at java.base/java.util.concurrent.FutureTask.run(FutureTask.java:264)
at java.base/java.util.concurrent.ThreadPoolExecutor.runWorker(ThreadPoolExecutor.java:1136)
at java.base/java.util.concurrent.ThreadPoolExecutor$Worker.run(ThreadPoolExecutor.java:635)
at java.base/java.lang.Thread.run(Thread.java:833)
... Removed 23 stack frames]]>
    </failure>
  </testcase> <!-- testActivityLessthanXhoursWarningAlertCreated -->
  <testcase classname="tests.AdminAlertTest" name="testUserIsAbleToFilterAlertWithNameContains" time="28.081">
    <failure type="org.openqa.selenium.ElementClickInterceptedException" message="element click intercepted: Element &amp;lt;i class=&amp;quot;fas fa-filter&amp;quot;&amp;gt;&amp;lt;/i&amp;gt; is not clickable at point (1231, 70). Other element would receive the click: &amp;lt;div class=&amp;quot;k-overlay&amp;quot; aria-hidden=&amp;quot;true&amp;quot; tabindex=&amp;quot;-1&amp;quot;&amp;gt;&amp;lt;/div&amp;gt;
  (Session info: chrome=100.0.4896.127)
Build info: version: &amp;apos;3.141.59&amp;apos;, revision: &amp;apos;e82be7d358&amp;apos;, time: &amp;apos;2018-11-14T08:17:03&amp;apos;
System info: host: &amp;apos;DESKTOP-B96ST24&amp;apos;, ip: &amp;apos;192.168.0.100&amp;apos;, os.name: &amp;apos;Windows 10&amp;apos;, os.arch: &amp;apos;amd64&amp;apos;, os.version: &amp;apos;10.0&amp;apos;, java.version: &amp;apos;17.0.2&amp;apos;
Driver info: org.openqa.selenium.chrome.ChromeDriver
Capabilities {acceptInsecureCerts: false, browserName: chrome, browserVersion: 100.0.4896.127, chrome: {chromedriverVersion: 100.0.4896.60 (6a5d10861ce8..., userDataDir: C:\Users\Dell\AppData\Local...}, goog:chromeOptions: {debuggerAddress: localhost:65169}, javascriptEnabled: true, networkConnectionEnabled: false, pageLoadStrategy: normal, platform: WINDOWS, platformName: WINDOWS, proxy: Proxy(), setWindowRect: true, strictFileInteractability: false, timeouts: {implicit: 0, pageLoad: 300000, script: 30000}, unhandledPromptBehavior: dismiss and notify, webauthn:extension:credBlob: true, webauthn:extension:largeBlob: true, webauthn:virtualAuthenticators: true}
Session ID: 68e944971692faf74ba80549148fe077">
      <![CDATA[org.openqa.selenium.ElementClickInterceptedException: element click intercepted: Element <i class="fas fa-filter"></i> is not clickable at point (1231, 70). Other element would receive the click: <div class="k-overlay" aria-hidden="true" tabindex="-1"></div>
  (Session info: chrome=100.0.4896.127)
Build info: version: '3.141.59', revision: 'e82be7d358', time: '2018-11-14T08:17:03'
System info: host: 'DESKTOP-B96ST24', ip: '192.168.0.100', os.name: 'Windows 10', os.arch: 'amd64', os.version: '10.0', java.version: '17.0.2'
Driver info: org.openqa.selenium.chrome.ChromeDriver
Capabilities {acceptInsecureCerts: false, browserName: chrome, browserVersion: 100.0.4896.127, chrome: {chromedriverVersion: 100.0.4896.60 (6a5d10861ce8..., userDataDir: C:\Users\Dell\AppData\Local...}, goog:chromeOptions: {debuggerAddress: localhost:65169}, javascriptEnabled: true, networkConnectionEnabled: false, pageLoadStrategy: normal, platform: WINDOWS, platformName: WINDOWS, proxy: Proxy(), setWindowRect: true, strictFileInteractability: false, timeouts: {implicit: 0, pageLoad: 300000, script: 30000}, unhandledPromptBehavior: dismiss and notify, webauthn:extension:credBlob: true, webauthn:extension:largeBlob: true, webauthn:virtualAuthenticators: true}
Session ID: 68e944971692faf74ba80549148fe077
at org.openqa.selenium.remote.http.W3CHttpResponseCodec.createException(W3CHttpResponseCodec.java:187)
at org.openqa.selenium.remote.http.W3CHttpResponseCodec.decode(W3CHttpResponseCodec.java:122)
at org.openqa.selenium.remote.http.W3CHttpResponseCodec.decode(W3CHttpResponseCodec.java:49)
at org.openqa.selenium.remote.HttpCommandExecutor.execute(HttpCommandExecutor.java:158)
at org.openqa.selenium.remote.service.DriverCommandExecutor.execute(DriverCommandExecutor.java:83)
at org.openqa.selenium.remote.RemoteWebDriver.execute(RemoteWebDriver.java:552)
at org.openqa.selenium.remote.RemoteWebElement.execute(RemoteWebElement.java:285)
at org.openqa.selenium.remote.RemoteWebElement.click(RemoteWebElement.java:84)
at utility.DriverPage.clickOn(DriverPage.java:155)
at pages.FilterDialogPage.clickOnFilterButton(FilterDialogPage.java:17)
at tests.AdminAlertTest.testUserIsAbleToFilterAlertWithNameContains(AdminAlertTest.java:1124)
at java.base/java.util.ArrayList.forEach(ArrayList.java:1511)
at java.base/java.util.concurrent.FutureTask.run(FutureTask.java:264)
at java.base/java.util.concurrent.ThreadPoolExecutor.runWorker(ThreadPoolExecutor.java:1136)
at java.base/java.util.concurrent.ThreadPoolExecutor$Worker.run(ThreadPoolExecutor.java:635)
at java.base/java.lang.Thread.run(Thread.java:833)
... Removed 23 stack frames]]>
    </failure>
  </testcase> <!-- testUserIsAbleToFilterAlertWithNameContains -->
  <testcase classname="tests.AdminAlertTest" name="testUserIsAbleToEditExistingAlert" time="0.0">
    <ignored/>
  </testcase> <!-- testUserIsAbleToEditExistingAlert -->
  <testcase classname="tests.AdminAlertTest" name="testNoItemsIsDisplayedWhenUserApplyFilterWithnetaapKeywordAndStarWithConditionForIntegratorsFields" time="0.0">
    <ignored/>
  </testcase> <!-- testNoItemsIsDisplayedWhenUserApplyFilterWithnetaapKeywordAndStarWithConditionForIntegratorsFields -->
  <testcase classname="tests.AdminAlertTest" name="testCreateAnAlertFileOperationOffice365ForUploadedOperation" time="0.0">
    <ignored/>
  </testcase> <!-- testCreateAnAlertFileOperationOffice365ForUploadedOperation -->
  <testcase classname="tests.AdminAlertTest" name="testCreateAnAlertOfNetAppQaFileOperationOnIntegratorsForReadOperation" time="0.0">
    <ignored/>
  </testcase> <!-- testCreateAnAlertOfNetAppQaFileOperationOnIntegratorsForReadOperation -->
  <testcase classname="tests.AdminAlertTest" name="testCreateAnAlertFileOperationOffice365ForRenamedOperation" time="0.0">
    <ignored/>
  </testcase> <!-- testCreateAnAlertFileOperationOffice365ForRenamedOperation -->
  <testcase classname="tests.AdminAlertTest" name="testUserIsAbleToFilterAlertBySeverityAsWarning" time="0.0">
    <ignored/>
  </testcase> <!-- testUserIsAbleToFilterAlertBySeverityAsWarning -->
  <testcase classname="tests.AdminAlertTest" name="testCreateAnAlertFileOperationOffice365ForDeletedOperation" time="0.0">
    <ignored/>
  </testcase> <!-- testCreateAnAlertFileOperationOffice365ForDeletedOperation -->
  <testcase classname="tests.AdminAlertTest" name="testCreateAnAlertOfNetAppQaFileOperationOnIntegratorsForDeletedOperation" time="0.0">
    <ignored/>
  </testcase> <!-- testCreateAnAlertOfNetAppQaFileOperationOnIntegratorsForDeletedOperation -->
  <testcase classname="tests.AdminAlertTest" name="testNoItemsIsDisplayedWhenUserApplyFilterWithUnmatchedKeywordAndContainsConditionForIntegratorsFields" time="0.0">
    <ignored/>
  </testcase> <!-- testNoItemsIsDisplayedWhenUserApplyFilterWithUnmatchedKeywordAndContainsConditionForIntegratorsFields -->
  <testcase classname="tests.AdminAlertTest" name="testUserIsAbleToFilterAlertBySeverityAsCritical" time="0.0">
    <ignored/>
  </testcase> <!-- testUserIsAbleToFilterAlertBySeverityAsCritical -->
  <testcase classname="tests.AdminAlertTest" name="testCreateAnAlertOfFileOperationOnAgentsForDeleteOperation" time="0.0">
    <ignored/>
  </testcase> <!-- testCreateAnAlertOfFileOperationOnAgentsForDeleteOperation -->
  <testcase classname="tests.AdminAlertTest" name="testCreateAnAlertOfFileOperationOnIntegratorWindowServerAgentasReadOperationAlert" time="0.0">
    <ignored/>
  </testcase> <!-- testCreateAnAlertOfFileOperationOnIntegratorWindowServerAgentasReadOperationAlert -->
  <testcase classname="tests.AdminAlertTest" name="testNoItemsIsDisplayedWhenUserApplyFilterWithQAKeywordAndEqualsConditionForIntegratorsFields" time="0.0">
    <ignored/>
  </testcase> <!-- testNoItemsIsDisplayedWhenUserApplyFilterWithQAKeywordAndEqualsConditionForIntegratorsFields -->
  <testcase classname="tests.AdminAlertTest" name="testUserIsAbleToFilterAlertByIntegrationNameFileOperationOnIntegrators" time="0.0">
    <ignored/>
  </testcase> <!-- testUserIsAbleToFilterAlertByIntegrationNameFileOperationOnIntegrators -->
  <testcase classname="tests.AdminAlertTest" name="testCreateAnAlertOfFileOperationOnIntegratorWindowServerAgentDeletedOperationAlert" time="0.0">
    <ignored/>
  </testcase> <!-- testCreateAnAlertOfFileOperationOnIntegratorWindowServerAgentDeletedOperationAlert -->
  <testcase classname="tests.AdminAlertTest" name="testUserIsAbleToFilterAlertByNameTypeIntegrationAndSeverity" time="0.0">
    <ignored/>
  </testcase> <!-- testUserIsAbleToFilterAlertByNameTypeIntegrationAndSeverity -->
  <testcase classname="tests.AdminAlertTest" name="testCreateAnAlertOfNetAppQaFileOperationOnIntegratorsForModifiedOperation" time="0.0">
    <ignored/>
  </testcase> <!-- testCreateAnAlertOfNetAppQaFileOperationOnIntegratorsForModifiedOperation -->
  <testcase classname="tests.AdminAlertTest" name="testCreateAnAlertOfFileOperationOnIntegratorWindowServerAgentasModifiedOperationAlert" time="0.0">
    <ignored/>
  </testcase> <!-- testCreateAnAlertOfFileOperationOnIntegratorWindowServerAgentasModifiedOperationAlert -->
  <testcase classname="tests.AdminAlertTest" name="testCreateAnAlertOfFileOperationOnAgentsForModifiedOperation" time="0.0">
    <ignored/>
  </testcase> <!-- testCreateAnAlertOfFileOperationOnAgentsForModifiedOperation -->
  <testcase classname="tests.AdminAlertTest" name="testCreateAnAlertOfFileOperationOnAgentsForCreatedOperation" time="0.0">
    <ignored/>
  </testcase> <!-- testCreateAnAlertOfFileOperationOnAgentsForCreatedOperation -->
  <testcase classname="tests.AdminAlertTest" name="testCreateAnAlertFileOperationOffice365ForModifiedOperation" time="0.0">
    <ignored/>
  </testcase> <!-- testCreateAnAlertFileOperationOffice365ForModifiedOperation -->
  <testcase classname="tests.AdminAlertTest" name="testCreateAnAlertOfFileOperationOnAgentsForRenamedOperation" time="0.0">
    <ignored/>
  </testcase> <!-- testCreateAnAlertOfFileOperationOnAgentsForRenamedOperation -->
  <testcase classname="tests.AdminAlertTest" name="testUserIsAbleToFilterAlertWithNameStartWith" time="0.0">
    <ignored/>
  </testcase> <!-- testUserIsAbleToFilterAlertWithNameStartWith -->
  <testcase classname="tests.AdminAlertTest" name="testUserIsAbleToFilterAlertByNameTypeAndIntegration" time="0.0">
    <ignored/>
  </testcase> <!-- testUserIsAbleToFilterAlertByNameTypeAndIntegration -->
  <testcase classname="tests.AdminAlertTest" name="testCreateAnAlertOfFileOperationOnIntegratorWindowServerAgentasCreatedOperationAlert" time="0.0">
    <ignored/>
  </testcase> <!-- testCreateAnAlertOfFileOperationOnIntegratorWindowServerAgentasCreatedOperationAlert -->
  <testcase classname="tests.AdminAlertTest" name="testUserIsAbleToFilterAlertByIntegrationNameActivityLessThanXHours" time="0.0">
    <ignored/>
  </testcase> <!-- testUserIsAbleToFilterAlertByIntegrationNameActivityLessThanXHours -->
  <testcase classname="tests.AdminAlertTest" name="testUserIsAbleToFilterAlertEqualsToNetAppQAInIntegrators" time="0.0">
    <ignored/>
  </testcase> <!-- testUserIsAbleToFilterAlertEqualsToNetAppQAInIntegrators -->
  <testcase classname="tests.AdminAlertTest" name="testCreateAnAlertOfNetAppQaFileOperationOnIntegratorsForCreatedOperation" time="0.0">
    <ignored/>
  </testcase> <!-- testCreateAnAlertOfNetAppQaFileOperationOnIntegratorsForCreatedOperation -->
  <testcase classname="tests.AdminAlertTest" name="testCreateAnAlertFileOperationOffice365ForReadOperation" time="0.0">
    <ignored/>
  </testcase> <!-- testCreateAnAlertFileOperationOffice365ForReadOperation -->
  <testcase classname="tests.AdminAlertTest" name="testUserIsAbleToFilterAlertByIntegrationNameFileOperationOnAgents" time="0.0">
    <ignored/>
  </testcase> <!-- testUserIsAbleToFilterAlertByIntegrationNameFileOperationOnAgents -->
  <testcase classname="tests.AdminAlertTest" name="testUserIsAbleToFilterAlertBySeverityAsInfo" time="0.0">
    <ignored/>
  </testcase> <!-- testUserIsAbleToFilterAlertBySeverityAsInfo -->
  <testcase classname="tests.AdminAlertTest" name="testUserIsAbleToFilterAlertContainsQAInIntegrators" time="0.0">
    <ignored/>
  </testcase> <!-- testUserIsAbleToFilterAlertContainsQAInIntegrators -->
  <testcase classname="tests.AdminAlertTest" name="testUserIsAbleToFilterAlertByNameWithContainAndIntegrationAsActivityLessThanXHours" time="0.0">
    <ignored/>
  </testcase> <!-- testUserIsAbleToFilterAlertByNameWithContainAndIntegrationAsActivityLessThanXHours -->
  <testcase classname="tests.AdminAlertTest" name="testUserIsAbleToFilterAlertWithNameEquals" time="0.0">
    <ignored/>
  </testcase> <!-- testUserIsAbleToFilterAlertWithNameEquals -->
  <testcase classname="tests.AdminAlertTest" name="testUserIsAbleToGetResetDefaultValueWhenClickedOnClearButtonOnFilterPoUp" time="0.0">
    <ignored/>
  </testcase> <!-- testUserIsAbleToGetResetDefaultValueWhenClickedOnClearButtonOnFilterPoUp -->
  <testcase classname="tests.AdminAlertTest" name="testCreateAnAlertOfFileOperationOnAgentsForReadOperation" time="0.0">
    <ignored/>
  </testcase> <!-- testCreateAnAlertOfFileOperationOnAgentsForReadOperation -->
</testsuite> <!-- Admin Alert Test(failed) -->
