<?xml version="1.0" encoding="UTF-8"?>
<!-- Generated by org.testng.reporters.JUnitXMLReporter -->
<testsuite ignored="14" hostname="DESKTOP-B96ST24" failures="1" tests="1" name="Application Log" time="70.167" errors="0" timestamp="2022-04-22T15:45:42 IST">
  <testcase classname="tests.ApplicationLogTest" name="testApplicationLogIsCreatedForAlertCreated" time="46.82">
    <failure type="org.openqa.selenium.NoSuchElementException" message="no such element: Unable to locate element: {&amp;quot;method&amp;quot;:&amp;quot;xpath&amp;quot;,&amp;quot;selector&amp;quot;:&amp;quot;//td[text()=&amp;apos;ActivityLessthanXhoursInfoAlertCreated66608&amp;apos;]/following-sibling::td/button[text()=&amp;apos;Delete&amp;apos;]&amp;quot;}
  (Session info: chrome=100.0.4896.127)
For documentation on this error, please visit: https://www.seleniumhq.org/exceptions/no_such_element.html
Build info: version: &amp;apos;3.141.59&amp;apos;, revision: &amp;apos;e82be7d358&amp;apos;, time: &amp;apos;2018-11-14T08:17:03&amp;apos;
System info: host: &amp;apos;DESKTOP-B96ST24&amp;apos;, ip: &amp;apos;10.9.8.38&amp;apos;, os.name: &amp;apos;Windows 10&amp;apos;, os.arch: &amp;apos;amd64&amp;apos;, os.version: &amp;apos;10.0&amp;apos;, java.version: &amp;apos;17.0.2&amp;apos;
Driver info: org.openqa.selenium.chrome.ChromeDriver
Capabilities {acceptInsecureCerts: false, browserName: chrome, browserVersion: 100.0.4896.127, chrome: {chromedriverVersion: 100.0.4896.60 (6a5d10861ce8..., userDataDir: C:\Users\Dell\AppData\Local...}, goog:chromeOptions: {debuggerAddress: localhost:63252}, javascriptEnabled: true, networkConnectionEnabled: false, pageLoadStrategy: normal, platform: WINDOWS, platformName: WINDOWS, proxy: Proxy(), setWindowRect: true, strictFileInteractability: false, timeouts: {implicit: 0, pageLoad: 300000, script: 30000}, unhandledPromptBehavior: dismiss and notify, webauthn:extension:credBlob: true, webauthn:extension:largeBlob: true, webauthn:virtualAuthenticators: true}
Session ID: 2298b453a1846f63c8f8e9ba34084171
*** Element info: {Using=xpath, value=//td[text()=&amp;apos;ActivityLessthanXhoursInfoAlertCreated66608&amp;apos;]/following-sibling::td/button[text()=&amp;apos;Delete&amp;apos;]}">
      <![CDATA[org.openqa.selenium.NoSuchElementException: no such element: Unable to locate element: {"method":"xpath","selector":"//td[text()='ActivityLessthanXhoursInfoAlertCreated66608']/following-sibling::td/button[text()='Delete']"}
  (Session info: chrome=100.0.4896.127)
For documentation on this error, please visit: https://www.seleniumhq.org/exceptions/no_such_element.html
Build info: version: '3.141.59', revision: 'e82be7d358', time: '2018-11-14T08:17:03'
System info: host: 'DESKTOP-B96ST24', ip: '10.9.8.38', os.name: 'Windows 10', os.arch: 'amd64', os.version: '10.0', java.version: '17.0.2'
Driver info: org.openqa.selenium.chrome.ChromeDriver
Capabilities {acceptInsecureCerts: false, browserName: chrome, browserVersion: 100.0.4896.127, chrome: {chromedriverVersion: 100.0.4896.60 (6a5d10861ce8..., userDataDir: C:\Users\Dell\AppData\Local...}, goog:chromeOptions: {debuggerAddress: localhost:63252}, javascriptEnabled: true, networkConnectionEnabled: false, pageLoadStrategy: normal, platform: WINDOWS, platformName: WINDOWS, proxy: Proxy(), setWindowRect: true, strictFileInteractability: false, timeouts: {implicit: 0, pageLoad: 300000, script: 30000}, unhandledPromptBehavior: dismiss and notify, webauthn:extension:credBlob: true, webauthn:extension:largeBlob: true, webauthn:virtualAuthenticators: true}
Session ID: 2298b453a1846f63c8f8e9ba34084171
*** Element info: {Using=xpath, value=//td[text()='ActivityLessthanXhoursInfoAlertCreated66608']/following-sibling::td/button[text()='Delete']}
at org.openqa.selenium.remote.http.W3CHttpResponseCodec.createException(W3CHttpResponseCodec.java:187)
at org.openqa.selenium.remote.http.W3CHttpResponseCodec.decode(W3CHttpResponseCodec.java:122)
at org.openqa.selenium.remote.http.W3CHttpResponseCodec.decode(W3CHttpResponseCodec.java:49)
at org.openqa.selenium.remote.HttpCommandExecutor.execute(HttpCommandExecutor.java:158)
at org.openqa.selenium.remote.service.DriverCommandExecutor.execute(DriverCommandExecutor.java:83)
at org.openqa.selenium.remote.RemoteWebDriver.execute(RemoteWebDriver.java:552)
at org.openqa.selenium.remote.RemoteWebDriver.findElement(RemoteWebDriver.java:323)
at org.openqa.selenium.remote.RemoteWebDriver.findElementByXPath(RemoteWebDriver.java:428)
at org.openqa.selenium.By$ByXPath.findElement(By.java:353)
at org.openqa.selenium.remote.RemoteWebDriver.findElement(RemoteWebDriver.java:315)
at utility.DriverPage.clickOn(DriverPage.java:155)
at pages.Admin_AlertsPage.deleteExistingAlert(Admin_AlertsPage.java:188)
at tests.ApplicationLogTest.testApplicationLogIsCreatedForAlertCreated(ApplicationLogTest.java:91)
at java.base/java.util.ArrayList.forEach(ArrayList.java:1511)
at java.base/java.util.concurrent.FutureTask.run(FutureTask.java:264)
at java.base/java.util.concurrent.ThreadPoolExecutor.runWorker(ThreadPoolExecutor.java:1136)
at java.base/java.util.concurrent.ThreadPoolExecutor$Worker.run(ThreadPoolExecutor.java:635)
at java.base/java.lang.Thread.run(Thread.java:833)
... Removed 23 stack frames]]>
    </failure>
  </testcase> <!-- testApplicationLogIsCreatedForAlertCreated -->
  <testcase classname="tests.ApplicationLogTest" name="testUserIsAbleToFilterApplicationLogWithObjectContains" time="0.0">
    <ignored/>
  </testcase> <!-- testUserIsAbleToFilterApplicationLogWithObjectContains -->
  <testcase classname="tests.ApplicationLogTest" name="testApplicationLogIsCreatedForUserLogin" time="0.0">
    <ignored/>
  </testcase> <!-- testApplicationLogIsCreatedForUserLogin -->
  <testcase classname="tests.ApplicationLogTest" name="testApplicationLogIsCreatedForUserModified" time="0.0">
    <ignored/>
  </testcase> <!-- testApplicationLogIsCreatedForUserModified -->
  <testcase classname="tests.ApplicationLogTest" name="testApplicationLogIsCreatedForAlertDeleted" time="0.0">
    <ignored/>
  </testcase> <!-- testApplicationLogIsCreatedForAlertDeleted -->
  <testcase classname="tests.ApplicationLogTest" name="testUserIsAbleToFilterApplicationLogWithUserContains" time="0.0">
    <ignored/>
  </testcase> <!-- testUserIsAbleToFilterApplicationLogWithUserContains -->
  <testcase classname="tests.ApplicationLogTest" name="testApplicationLogIsCreatedForUserCreated" time="0.0">
    <ignored/>
  </testcase> <!-- testApplicationLogIsCreatedForUserCreated -->
  <testcase classname="tests.ApplicationLogTest" name="testApplicationLogIsCreatedForUserLoginFailed" time="0.0">
    <ignored/>
  </testcase> <!-- testApplicationLogIsCreatedForUserLoginFailed -->
  <testcase classname="tests.ApplicationLogTest" name="testApplicationLogIsCreatedForFileAuditModified" time="0.0">
    <ignored/>
  </testcase> <!-- testApplicationLogIsCreatedForFileAuditModified -->
  <testcase classname="tests.ApplicationLogTest" name="testUserIsAbleToFilterApplicationLogWithObjectTypeUser" time="0.0">
    <ignored/>
  </testcase> <!-- testUserIsAbleToFilterApplicationLogWithObjectTypeUser -->
  <testcase classname="tests.ApplicationLogTest" name="testApplicationLogIsCreatedForPrintJobModified" time="0.0">
    <ignored/>
  </testcase> <!-- testApplicationLogIsCreatedForPrintJobModified -->
  <testcase classname="tests.ApplicationLogTest" name="testApplicationLogIsCreatedForUserDeleted" time="0.0">
    <ignored/>
  </testcase> <!-- testApplicationLogIsCreatedForUserDeleted -->
  <testcase classname="tests.ApplicationLogTest" name="testUserIsAbleExportAndDownloadPageEventsInSelectedFormatsByUser" time="0.0">
    <ignored/>
  </testcase> <!-- testUserIsAbleExportAndDownloadPageEventsInSelectedFormatsByUser -->
  <testcase classname="tests.ApplicationLogTest" name="testApplicationLogIsCreatedForAlertModified" time="0.0">
    <ignored/>
  </testcase> <!-- testApplicationLogIsCreatedForAlertModified -->
  <testcase classname="tests.ApplicationLogTest" name="testUserIsAbleToFilterApplicationLogWithActionModified" time="0.0">
    <ignored/>
  </testcase> <!-- testUserIsAbleToFilterApplicationLogWithActionModified -->
</testsuite> <!-- Application Log -->
