<?xml version="1.0" encoding="UTF-8"?>
<!-- Generated by org.testng.reporters.JUnitXMLReporter -->
<testsuite ignored="12" hostname="DESKTOP-B96ST24" failures="2" tests="3" name="Application Log" time="210.484" errors="0" timestamp="2022-04-22T16:12:51 IST">
  <testcase classname="tests.ApplicationLogTest" name="testApplicationLogIsCreatedForPrintJobModified" time="27.983"/>
  <testcase classname="tests.ApplicationLogTest" name="testApplicationLogIsCreatedForUserCreated" time="77.772">
    <failure type="org.openqa.selenium.NoSuchElementException" message="no such element: Unable to locate element: {&amp;quot;method&amp;quot;:&amp;quot;xpath&amp;quot;,&amp;quot;selector&amp;quot;:&amp;quot;//td[text()=&amp;apos;nasim@auto2030&amp;apos;]/following-sibling::td//button[text()=&amp;apos;Delete&amp;apos;]&amp;quot;}
  (Session info: chrome=100.0.4896.127)
For documentation on this error, please visit: https://www.seleniumhq.org/exceptions/no_such_element.html
Build info: version: &amp;apos;3.141.59&amp;apos;, revision: &amp;apos;e82be7d358&amp;apos;, time: &amp;apos;2018-11-14T08:17:03&amp;apos;
System info: host: &amp;apos;DESKTOP-B96ST24&amp;apos;, ip: &amp;apos;10.9.8.38&amp;apos;, os.name: &amp;apos;Windows 10&amp;apos;, os.arch: &amp;apos;amd64&amp;apos;, os.version: &amp;apos;10.0&amp;apos;, java.version: &amp;apos;17.0.2&amp;apos;
Driver info: org.openqa.selenium.chrome.ChromeDriver
Capabilities {acceptInsecureCerts: false, browserName: chrome, browserVersion: 100.0.4896.127, chrome: {chromedriverVersion: 100.0.4896.60 (6a5d10861ce8..., userDataDir: C:\Users\Dell\AppData\Local...}, goog:chromeOptions: {debuggerAddress: localhost:49239}, javascriptEnabled: true, networkConnectionEnabled: false, pageLoadStrategy: normal, platform: WINDOWS, platformName: WINDOWS, proxy: Proxy(), setWindowRect: true, strictFileInteractability: false, timeouts: {implicit: 0, pageLoad: 300000, script: 30000}, unhandledPromptBehavior: dismiss and notify, webauthn:extension:credBlob: true, webauthn:extension:largeBlob: true, webauthn:virtualAuthenticators: true}
Session ID: 50833724b3e4045599cdd931e1cbe6b0
*** Element info: {Using=xpath, value=//td[text()=&amp;apos;nasim@auto2030&amp;apos;]/following-sibling::td//button[text()=&amp;apos;Delete&amp;apos;]}">
      <![CDATA[org.openqa.selenium.NoSuchElementException: no such element: Unable to locate element: {"method":"xpath","selector":"//td[text()='nasim@auto2030']/following-sibling::td//button[text()='Delete']"}
  (Session info: chrome=100.0.4896.127)
For documentation on this error, please visit: https://www.seleniumhq.org/exceptions/no_such_element.html
Build info: version: '3.141.59', revision: 'e82be7d358', time: '2018-11-14T08:17:03'
System info: host: 'DESKTOP-B96ST24', ip: '10.9.8.38', os.name: 'Windows 10', os.arch: 'amd64', os.version: '10.0', java.version: '17.0.2'
Driver info: org.openqa.selenium.chrome.ChromeDriver
Capabilities {acceptInsecureCerts: false, browserName: chrome, browserVersion: 100.0.4896.127, chrome: {chromedriverVersion: 100.0.4896.60 (6a5d10861ce8..., userDataDir: C:\Users\Dell\AppData\Local...}, goog:chromeOptions: {debuggerAddress: localhost:49239}, javascriptEnabled: true, networkConnectionEnabled: false, pageLoadStrategy: normal, platform: WINDOWS, platformName: WINDOWS, proxy: Proxy(), setWindowRect: true, strictFileInteractability: false, timeouts: {implicit: 0, pageLoad: 300000, script: 30000}, unhandledPromptBehavior: dismiss and notify, webauthn:extension:credBlob: true, webauthn:extension:largeBlob: true, webauthn:virtualAuthenticators: true}
Session ID: 50833724b3e4045599cdd931e1cbe6b0
*** Element info: {Using=xpath, value=//td[text()='nasim@auto2030']/following-sibling::td//button[text()='Delete']}
at org.openqa.selenium.remote.http.W3CHttpResponseCodec.createException(W3CHttpResponseCodec.java:187)
at org.openqa.selenium.remote.http.W3CHttpResponseCodec.decode(W3CHttpResponseCodec.java:122)
at org.openqa.selenium.remote.http.W3CHttpResponseCodec.decode(W3CHttpResponseCodec.java:49)
at org.openqa.selenium.remote.HttpCommandExecutor.execute(HttpCommandExecutor.java:158)
at org.openqa.selenium.remote.service.DriverCommandExecutor.execute(DriverCommandExecutor.java:83)
at org.openqa.selenium.remote.RemoteWebDriver.execute(RemoteWebDriver.java:552)
at org.openqa.selenium.remote.RemoteWebDriver.findElement(RemoteWebDriver.java:323)
at org.openqa.selenium.remote.RemoteWebDriver.findElementByXPath(RemoteWebDriver.java:428)
at org.openqa.selenium.By$ByXPath.findElement(By.java:353)
at org.openqa.selenium.remote.RemoteWebDriver.findElement(RemoteWebDriver.java:315)
at utility.DriverPage.clickOn(DriverPage.java:155)
at pages.Admin_UsersPage.deleteExistingUser(Admin_UsersPage.java:91)
at tests.ApplicationLogTest.testApplicationLogIsCreatedForUserCreated(ApplicationLogTest.java:272)
at java.base/java.util.ArrayList.forEach(ArrayList.java:1511)
at java.base/java.util.concurrent.FutureTask.run(FutureTask.java:264)
at java.base/java.util.concurrent.ThreadPoolExecutor.runWorker(ThreadPoolExecutor.java:1136)
at java.base/java.util.concurrent.ThreadPoolExecutor$Worker.run(ThreadPoolExecutor.java:635)
at java.base/java.lang.Thread.run(Thread.java:833)
... Removed 22 stack frames]]>
    </failure>
  </testcase> <!-- testApplicationLogIsCreatedForUserCreated -->
  <testcase classname="tests.ApplicationLogTest" name="testUserIsAbleToFilterApplicationLogWithObjectTypeUser" time="37.197">
    <failure type="org.openqa.selenium.ElementClickInterceptedException" message="element click intercepted: Element &amp;lt;i class=&amp;quot;fas fa-filter&amp;quot;&amp;gt;&amp;lt;/i&amp;gt; is not clickable at point (1231, 70). Other element would receive the click: &amp;lt;div class=&amp;quot;k-overlay&amp;quot; aria-hidden=&amp;quot;true&amp;quot; tabindex=&amp;quot;-1&amp;quot;&amp;gt;&amp;lt;/div&amp;gt;
  (Session info: chrome=100.0.4896.127)
Build info: version: &amp;apos;3.141.59&amp;apos;, revision: &amp;apos;e82be7d358&amp;apos;, time: &amp;apos;2018-11-14T08:17:03&amp;apos;
System info: host: &amp;apos;DESKTOP-B96ST24&amp;apos;, ip: &amp;apos;10.9.8.38&amp;apos;, os.name: &amp;apos;Windows 10&amp;apos;, os.arch: &amp;apos;amd64&amp;apos;, os.version: &amp;apos;10.0&amp;apos;, java.version: &amp;apos;17.0.2&amp;apos;
Driver info: org.openqa.selenium.chrome.ChromeDriver
Capabilities {acceptInsecureCerts: false, browserName: chrome, browserVersion: 100.0.4896.127, chrome: {chromedriverVersion: 100.0.4896.60 (6a5d10861ce8..., userDataDir: C:\Users\Dell\AppData\Local...}, goog:chromeOptions: {debuggerAddress: localhost:49473}, javascriptEnabled: true, networkConnectionEnabled: false, pageLoadStrategy: normal, platform: WINDOWS, platformName: WINDOWS, proxy: Proxy(), setWindowRect: true, strictFileInteractability: false, timeouts: {implicit: 0, pageLoad: 300000, script: 30000}, unhandledPromptBehavior: dismiss and notify, webauthn:extension:credBlob: true, webauthn:extension:largeBlob: true, webauthn:virtualAuthenticators: true}
Session ID: e84cb2f3146022cf76b420c83569f254">
      <![CDATA[org.openqa.selenium.ElementClickInterceptedException: element click intercepted: Element <i class="fas fa-filter"></i> is not clickable at point (1231, 70). Other element would receive the click: <div class="k-overlay" aria-hidden="true" tabindex="-1"></div>
  (Session info: chrome=100.0.4896.127)
Build info: version: '3.141.59', revision: 'e82be7d358', time: '2018-11-14T08:17:03'
System info: host: 'DESKTOP-B96ST24', ip: '10.9.8.38', os.name: 'Windows 10', os.arch: 'amd64', os.version: '10.0', java.version: '17.0.2'
Driver info: org.openqa.selenium.chrome.ChromeDriver
Capabilities {acceptInsecureCerts: false, browserName: chrome, browserVersion: 100.0.4896.127, chrome: {chromedriverVersion: 100.0.4896.60 (6a5d10861ce8..., userDataDir: C:\Users\Dell\AppData\Local...}, goog:chromeOptions: {debuggerAddress: localhost:49473}, javascriptEnabled: true, networkConnectionEnabled: false, pageLoadStrategy: normal, platform: WINDOWS, platformName: WINDOWS, proxy: Proxy(), setWindowRect: true, strictFileInteractability: false, timeouts: {implicit: 0, pageLoad: 300000, script: 30000}, unhandledPromptBehavior: dismiss and notify, webauthn:extension:credBlob: true, webauthn:extension:largeBlob: true, webauthn:virtualAuthenticators: true}
Session ID: e84cb2f3146022cf76b420c83569f254
at org.openqa.selenium.remote.http.W3CHttpResponseCodec.createException(W3CHttpResponseCodec.java:187)
at org.openqa.selenium.remote.http.W3CHttpResponseCodec.decode(W3CHttpResponseCodec.java:122)
at org.openqa.selenium.remote.http.W3CHttpResponseCodec.decode(W3CHttpResponseCodec.java:49)
at org.openqa.selenium.remote.HttpCommandExecutor.execute(HttpCommandExecutor.java:158)
at org.openqa.selenium.remote.service.DriverCommandExecutor.execute(DriverCommandExecutor.java:83)
at org.openqa.selenium.remote.RemoteWebDriver.execute(RemoteWebDriver.java:552)
at org.openqa.selenium.remote.RemoteWebElement.execute(RemoteWebElement.java:285)
at org.openqa.selenium.remote.RemoteWebElement.click(RemoteWebElement.java:84)
at utility.DriverPage.clickOn(DriverPage.java:155)
at pages.FilterDialogPage.clickOnFilterButton(FilterDialogPage.java:17)
at tests.ApplicationLogTest.testUserIsAbleToFilterApplicationLogWithObjectTypeUser(ApplicationLogTest.java:436)
at java.base/java.util.ArrayList.forEach(ArrayList.java:1511)
at java.base/java.util.concurrent.FutureTask.run(FutureTask.java:264)
at java.base/java.util.concurrent.ThreadPoolExecutor.runWorker(ThreadPoolExecutor.java:1136)
at java.base/java.util.concurrent.ThreadPoolExecutor$Worker.run(ThreadPoolExecutor.java:635)
at java.base/java.lang.Thread.run(Thread.java:833)
... Removed 23 stack frames]]>
    </failure>
  </testcase> <!-- testUserIsAbleToFilterApplicationLogWithObjectTypeUser -->
  <testcase classname="tests.ApplicationLogTest" name="testUserIsAbleToFilterApplicationLogWithUserContains" time="0.0">
    <ignored/>
  </testcase> <!-- testUserIsAbleToFilterApplicationLogWithUserContains -->
  <testcase classname="tests.ApplicationLogTest" name="testUserIsAbleToFilterApplicationLogWithObjectContains" time="0.0">
    <ignored/>
  </testcase> <!-- testUserIsAbleToFilterApplicationLogWithObjectContains -->
  <testcase classname="tests.ApplicationLogTest" name="testApplicationLogIsCreatedForUserLogin" time="0.0">
    <ignored/>
  </testcase> <!-- testApplicationLogIsCreatedForUserLogin -->
  <testcase classname="tests.ApplicationLogTest" name="testApplicationLogIsCreatedForUserModified" time="0.0">
    <ignored/>
  </testcase> <!-- testApplicationLogIsCreatedForUserModified -->
  <testcase classname="tests.ApplicationLogTest" name="testApplicationLogIsCreatedForUserLoginFailed" time="0.0">
    <ignored/>
  </testcase> <!-- testApplicationLogIsCreatedForUserLoginFailed -->
  <testcase classname="tests.ApplicationLogTest" name="testApplicationLogIsCreatedForFileAuditModified" time="0.0">
    <ignored/>
  </testcase> <!-- testApplicationLogIsCreatedForFileAuditModified -->
  <testcase classname="tests.ApplicationLogTest" name="testApplicationLogIsCreatedForAlertDeleted" time="0.0">
    <ignored/>
  </testcase> <!-- testApplicationLogIsCreatedForAlertDeleted -->
  <testcase classname="tests.ApplicationLogTest" name="testApplicationLogIsCreatedForUserDeleted" time="0.0">
    <ignored/>
  </testcase> <!-- testApplicationLogIsCreatedForUserDeleted -->
  <testcase classname="tests.ApplicationLogTest" name="testUserIsAbleExportAndDownloadPageEventsInSelectedFormatsByUser" time="0.0">
    <ignored/>
  </testcase> <!-- testUserIsAbleExportAndDownloadPageEventsInSelectedFormatsByUser -->
  <testcase classname="tests.ApplicationLogTest" name="testApplicationLogIsCreatedForAlertModified" time="0.0">
    <ignored/>
  </testcase> <!-- testApplicationLogIsCreatedForAlertModified -->
  <testcase classname="tests.ApplicationLogTest" name="testUserIsAbleToFilterApplicationLogWithActionModified" time="0.0">
    <ignored/>
  </testcase> <!-- testUserIsAbleToFilterApplicationLogWithActionModified -->
  <testcase classname="tests.ApplicationLogTest" name="testApplicationLogIsCreatedForAlertCreated" time="0.0">
    <ignored/>
  </testcase> <!-- testApplicationLogIsCreatedForAlertCreated -->
</testsuite> <!-- Application Log -->
